<?xml version="1.0" encoding="UTF-8"?>
<!-- Generated by org.testng.reporters.JUnitReportReporter -->
<testsuite hostname="Uncodemy" failures="0" tests="1" name="checkbox.NewTest" time="10.097" errors="0" timestamp="2023-09-26T09:49:05 IST" skipped="0">
  <testcase classname="checkbox.NewTest" name="tesccase1" time="10.097"/>
</testsuite> <!-- checkbox.NewTest -->
